<?xml version="1.0" encoding="UTF-8"?>
<testng-results ignored="0" total="5" passed="5" failed="0" skipped="0">
  <reporter-output>
  </reporter-output>
  <suite started-at="2023-01-15T16:34:10 IST" name="Default suite" finished-at="2023-01-15T16:34:29 IST" duration-ms="19017">
    <groups>
    </groups>
    <test started-at="2023-01-15T16:34:10 IST" name="Default test" finished-at="2023-01-15T16:34:29 IST" duration-ms="19017">
      <class name="org.works.Annotations">
        <test-method is-config="true" signature="browserlaunch()[pri:0, instance:org.works.Annotations@694abbdc]" started-at="2023-01-15T16:34:10 IST" name="browserlaunch" finished-at="2023-01-15T16:34:17 IST" duration-ms="7428" status="PASS">
          <reporter-output>
          </reporter-output>
        </test-method> <!-- browserlaunch -->
        <test-method is-config="true" signature="maximize()[pri:0, instance:org.works.Annotations@694abbdc]" started-at="2023-01-15T16:34:17 IST" name="maximize" finished-at="2023-01-15T16:34:18 IST" duration-ms="902" status="PASS">
          <reporter-output>
          </reporter-output>
        </test-method> <!-- maximize -->
        <test-method signature="page1()[pri:1, instance:org.works.Annotations@694abbdc]" started-at="2023-01-15T16:34:18 IST" name="page1" finished-at="2023-01-15T16:34:20 IST" duration-ms="2130" status="PASS">
          <reporter-output>
          </reporter-output>
        </test-method> <!-- page1 -->
        <test-method signature="page2()[pri:2, instance:org.works.Annotations@694abbdc]" started-at="2023-01-15T16:34:20 IST" name="page2" finished-at="2023-01-15T16:34:24 IST" depends-on-methods="org.works.Annotations.page1" duration-ms="3249" status="PASS">
          <reporter-output>
          </reporter-output>
        </test-method> <!-- page2 -->
        <test-method signature="page3()[pri:3, instance:org.works.Annotations@694abbdc]" started-at="2023-01-15T16:34:24 IST" name="page3" description="radio button" finished-at="2023-01-15T16:34:25 IST" duration-ms="1272" status="PASS">
          <reporter-output>
          </reporter-output>
        </test-method> <!-- page3 -->
        <test-method signature="page4()[pri:4, instance:org.works.Annotations@694abbdc]" started-at="2023-01-15T16:34:25 IST" name="page4" finished-at="2023-01-15T16:34:27 IST" duration-ms="1764" status="PASS">
          <reporter-output>
          </reporter-output>
        </test-method> <!-- page4 -->
        <test-method signature="page5()[pri:5, instance:org.works.Annotations@694abbdc]" started-at="2023-01-15T16:34:27 IST" name="page5" finished-at="2023-01-15T16:34:29 IST" duration-ms="2175" status="PASS">
          <reporter-output>
          </reporter-output>
        </test-method> <!-- page5 -->
      </class> <!-- org.works.Annotations -->
    </test> <!-- Default test -->
  </suite> <!-- Default suite -->
</testng-results>
