<?xml version="1.0" encoding="UTF-8"?>
<!-- Generated by org.testng.reporters.JUnitXMLReporter -->
<testsuite ignored="0" hostname="Sridharan" failures="0" tests="5" name="Test" time="21.03" errors="0" timestamp="2023-01-15T16:27:56 IST">
  <testcase classname="org.works.Annotations" name="page1" time="1.92"/>
  <testcase classname="org.works.Annotations" name="page2" time="2.74"/>
  <testcase classname="org.works.Annotations" name="page3" time="1.266"/>
  <testcase classname="org.works.Annotations" name="page4" time="1.757"/>
  <testcase classname="org.works.Annotations" name="page5" time="2.683"/>
</testsuite> <!-- Test -->
