<?xml version="1.0" encoding="UTF-8"?>
<!-- Generated by org.testng.reporters.JUnitXMLReporter -->
<testsuite ignored="0" hostname="Sridharan" failures="0" tests="5" name="Default test" time="19.017" errors="0" timestamp="2023-01-15T16:34:29 IST">
  <testcase classname="org.works.Annotations" name="page1" time="2.13"/>
  <testcase classname="org.works.Annotations" name="page2" time="3.249"/>
  <testcase classname="org.works.Annotations" name="page3" time="1.272"/>
  <testcase classname="org.works.Annotations" name="page4" time="1.764"/>
  <testcase classname="org.works.Annotations" name="page5" time="2.175"/>
</testsuite> <!-- Default test -->
